<?xml version="1.0" encoding="UTF-8"?>
<!-- Generated by org.testng.reporters.JUnitReportReporter -->
<testsuite skipped="0" hostname="DESKTOP-BB6LDD0" name="Academy.validateNavBar" tests="1" failures="0" timestamp="2021-05-06T15:08:23 IST" time="0.130" errors="0">
  <testcase name="basePageTest" time="0.130" classname="Academy.validateNavBar"/>
  <system-out/>
</testsuite> <!-- Academy.validateNavBar -->
