<?xml version="1.0" encoding="UTF-8"?>
<!-- Generated by org.testng.reporters.JUnitReportReporter -->
<testsuite skipped="0" hostname="DESKTOP-BB6LDD0" name="Academy.validateTitle" tests="1" failures="0" timestamp="2021-05-06T15:08:23 IST" time="0.105" errors="0">
  <testcase name="basePageTest" time="0.105" classname="Academy.validateTitle"/>
  <system-out/>
</testsuite> <!-- Academy.validateTitle -->
