<?xml version="1.0" encoding="UTF-8"?>
<!-- Generated by org.testng.reporters.JUnitReportReporter -->
<testsuite skipped="0" hostname="DESKTOP-BB6LDD0" name="Academy.HomePage" tests="2" failures="0" timestamp="2021-05-06T15:08:23 IST" time="8.472" errors="0">
  <testcase name="basePageTest" time="5.067" classname="Academy.HomePage"/>
  <system-out/>
  <testcase name="basePageTest" time="3.405" classname="Academy.HomePage"/>
  <system-out/>
</testsuite> <!-- Academy.HomePage -->
